\BOOKMARK [0][]{chapter.1}{\376\377\173\054\116\000\172\340\000\040\000\040\176\352\213\272}{}% 1
\BOOKMARK [1][]{section.1.1}{\376\377\0001\000.\0001\000\040\170\024\172\166\200\314\146\157\124\214\141\017\116\111}{chapter.1}% 2
\BOOKMARK [0][]{chapter.2}{\376\377\173\054\116\214\172\340\000\040\000\040\126\376\145\207\140\305\141\037\166\370\121\163\140\047\213\355\145\231\147\204\136\372\116\016\145\160\143\156\122\006\147\220}{}% 3
\BOOKMARK [1][]{section.2.1}{\376\377\0002\000.\0001\000\040\137\025\212\000}{chapter.2}% 4
\BOOKMARK [1][]{section.2.2}{\376\377\0002\000.\0002\000\040\126\376\145\207\140\305\141\037\166\370\121\163\140\047\213\355\145\231\147\204\136\372}{chapter.2}% 5
\BOOKMARK [2][]{subsection.2.2.1}{\376\377\0002\000.\0002\000.\0001\000\040\150\007\154\350\211\304\203\003}{section.2.2}% 6
\BOOKMARK [2][]{subsection.2.2.2}{\376\377\0002\000.\0002\000.\0002\000\040\116\272\135\345\150\007\154\350\145\160\143\156\147\204\136\372}{section.2.2}% 7
\BOOKMARK [1][]{section.2.3}{\376\377\0002\000.\0003\000\040\145\271\227\142\176\247\140\305\141\037\215\350\152\041\140\001\166\370\121\163\140\047\145\160\143\156\226\306\122\006\147\220}{chapter.2}% 8
\BOOKMARK [2][]{subsection.2.3.1}{\376\377\0002\000.\0003\000.\0001\000\040\000A\000E\000C\000R\150\007\154\350\116\000\201\364\140\047\122\006\147\220}{section.2.3}% 9
\BOOKMARK [2][]{subsection.2.3.2}{\376\377\0002\000.\0003\000.\0002\000\040\000A\000E\000C\000R\150\007\173\176\122\006\136\003}{section.2.3}% 10
\BOOKMARK [2][]{subsection.2.3.3}{\376\377\0002\000.\0003\000.\0003\000\040\116\016\122\115\116\272\135\345\117\134\166\204\150\007\154\350\153\324\217\203}{section.2.3}% 11
\BOOKMARK [2][]{subsection.2.3.4}{\376\377\0002\000.\0003\000.\0004\000\040\140\305\141\037\150\007\173\176\116\016\166\370\121\163\140\047\150\007\173\176\121\163\174\373\122\006\147\220}{section.2.3}% 12
\BOOKMARK [1][]{section.2.4}{\376\377\0002\000.\0004\000\040\207\215\124\010\215\350\152\041\140\001\145\271\227\142\176\247\140\305\141\037\166\370\121\163\140\047\166\204\131\032\152\041\140\001\140\305\141\037\122\006\147\220}{chapter.2}% 13
\BOOKMARK [2][]{subsection.2.4.1}{\376\377\0002\000.\0004\000.\0001\000\040\116\373\122\241\133\232\116\111}{section.2.4}% 14
\BOOKMARK [2][]{subsection.2.4.2}{\376\377\0002\000.\0004\000.\0002\000\040\163\260\147\011\000M\000A\000S\000C\152\041\127\213\166\204\220\032\165\050\147\266\147\204}{section.2.4}% 15
\BOOKMARK [2][]{subsection.2.4.3}{\376\377\0002\000.\0004\000.\0003\000\040\215\350\152\041\140\001\140\305\141\037\166\370\121\163\140\047\141\037\167\345\166\204\166\204\140\305\141\037\122\006\174\173\130\236\137\072}{section.2.4}% 16
\BOOKMARK [1][]{section.2.5}{\376\377\0002\000.\0005\000\040\133\236\232\214\213\276\177\156\116\016\176\323\147\234\122\006\147\220}{chapter.2}% 17
\BOOKMARK [2][]{subsection.2.5.1}{\376\377\0002\000.\0005\000.\0001\000\040\213\304\116\367\143\007\150\007}{section.2.5}% 18
\BOOKMARK [2][]{subsection.2.5.2}{\376\377\0002\000.\0005\000.\0002\000\040\133\236\232\214\123\302\145\160\213\276\177\156}{section.2.5}% 19
\BOOKMARK [2][]{subsection.2.5.3}{\376\377\0002\000.\0005\000.\0003\000\040\133\371\153\324\133\236\232\214\213\276\177\156\116\016\176\323\147\234\122\006\147\220}{section.2.5}% 20
\BOOKMARK [2][]{subsection.2.5.4}{\376\377\0002\000.\0005\000.\0004\000\040\155\210\207\215\133\236\232\214\122\006\147\220}{section.2.5}% 21
\BOOKMARK [2][]{subsection.2.5.5}{\376\377\0002\000.\0005\000.\0005\000\040\127\050\000z\000e\000r\000o\000-\000s\000h\000o\000t\127\072\146\157\116\013\134\006\215\350\152\041\140\001\166\370\121\163\140\047\122\240\121\145\122\060\000L\000L\000M\000s\116\055\166\204\140\047\200\375}{section.2.5}% 22
\BOOKMARK [2][]{subsection.2.5.6}{\376\377\0002\000.\0005\000.\0006\000\040\225\031\213\357\152\041\137\017\122\006\147\220}{section.2.5}% 23
\BOOKMARK [1][]{section.2.6}{\376\377\0002\000.\0006\000\040\147\054\172\340\134\017\176\323}{chapter.2}% 24
\BOOKMARK [0][]{chapter.3}{\376\377\173\054\116\011\172\340\000\040\000\040\173\054\116\011\172\340\000x\000x}{}% 25
\BOOKMARK [1][]{section.3.1}{\376\377\0003\000.\0001\000\040\137\025\212\000}{chapter.3}% 26
\BOOKMARK [1][]{section.3.2}{\376\377\0003\000.\0002\000\040\127\372\116\216\126\376\145\207\140\305\141\037\176\277\175\042\137\025\133\374\166\204\131\032\152\041\140\001\145\271\227\142\140\305\141\037\122\006\174\173\145\271\154\325}{chapter.3}% 27
\BOOKMARK [2][]{subsection.3.2.1}{\376\377\0003\000.\0002\000.\0001\000\040\145\271\227\142\176\247\140\305\141\037\215\350\152\041\140\001\166\370\121\163\140\047\116\016\126\376\145\207\140\305\141\037\176\277\175\042\143\317\217\360\145\160\143\156\226\306\147\204\136\372}{section.3.2}% 28
\BOOKMARK [2][]{subsection.3.2.2}{\376\377\0003\000.\0002\000.\0002\000\040\166\370\121\163\140\047\137\025\133\374\166\204\165\037\142\020\137\017\150\106\147\266}{section.3.2}% 29
\BOOKMARK [2][]{subsection.3.2.3}{\376\377\0003\000.\0002\000.\0003\000\040\166\370\121\163\140\047\141\037\167\345\166\204\143\320\171\072\147\204\136\372}{section.3.2}% 30
\BOOKMARK [2][]{subsection.3.2.4}{\376\377\0003\000.\0002\000.\0004\000\040\177\026\170\001\126\150\217\223\121\145}{section.3.2}% 31
\BOOKMARK [2][]{subsection.3.2.5}{\376\377\0003\000.\0002\000.\0005\000\040\211\343\170\001\126\150\217\223\121\372\124\214\123\314\155\101\207\215\124\010}{section.3.2}% 32
\BOOKMARK [2][]{subsection.3.2.6}{\376\377\0003\000.\0002\000.\0006\000\040\143\137\131\061\121\375\145\160}{section.3.2}% 33
\BOOKMARK [1][]{section.3.3}{\376\377\0003\000.\0003\000\040\133\236\232\214\213\276\177\156\116\016\176\323\147\234\122\006\147\220}{chapter.3}% 34
\BOOKMARK [2][]{subsection.3.3.1}{\376\377\0003\000.\0003\000.\0001\000\040\133\371\153\324\133\236\232\214\213\276\177\156\116\016\176\323\147\234\122\006\147\220}{section.3.3}% 35
\BOOKMARK [2][]{subsection.3.3.2}{\376\377\0003\000.\0003\000.\0002\000\040\155\210\207\215\133\236\232\214\122\006\147\220}{section.3.3}% 36
\BOOKMARK [2][]{subsection.3.3.3}{\376\377\0003\000.\0003\000.\0003\000\040\166\370\121\163\140\047\215\050\221\317\137\161\124\315\122\006\147\220}{section.3.3}% 37
\BOOKMARK [2][]{subsection.3.3.4}{\376\377\0003\000.\0003\000.\0004\000\040\140\305\141\037\176\277\175\042\215\050\221\317\137\161\124\315\122\006\147\220}{section.3.3}% 38
\BOOKMARK [1][]{section.3.4}{\376\377\0003\000.\0004\000\040\147\054\172\340\134\017\176\323}{chapter.3}% 39
\BOOKMARK [0][]{chapter.4}{\376\377\173\054\126\333\172\340\000\040\000\040\173\054\126\333\172\340\000x\000x}{}% 40
\BOOKMARK [0][]{chapter.5}{\376\377\173\054\116\224\172\340\000\040\000\040\140\073\176\323\116\016\134\125\147\033}{}% 41
\BOOKMARK [0][]{chapter.5}{\376\377\123\302\200\003\145\207\163\056}{}% 42
\BOOKMARK [0][]{chapter*.19}{\376\377\145\073\213\373\133\146\117\115\147\037\225\364\166\204\142\020\147\234}{}% 43
\BOOKMARK [0][]{chapter*.20}{\376\377\201\364\214\042}{}% 44
